2015.10.22 07:10:45 ##Checking for Running Instance
2015.10.22 07:10:45 ##Enabling Visual Styles...
2015.10.22 07:10:45 ##Setting Compatible Text Rendering to false...
2015.10.22 07:10:45 ##Starting GUI...
2015.10.22 07:10:45 ##Setting Paths...
2015.10.22 07:10:45 ##Data Manager Path is: C:\Users\t3kn0gh057\AppData\Roaming\cYo\ComicRack\Scripts\Data Manager Mod\
2015.10.22 07:10:45 ##Data Manager Default Rule File is: C:\Users\t3kn0gh057\AppData\Roaming\cYo\ComicRack\Scripts\Data Manager Mod\dataman.dat
2015.10.22 07:10:45 ##User File path is: C:\Users\t3kn0gh057\AppData\Roaming\cYo\ComicRack\Scripts\Data Manager Mod\user.ini
2015.10.22 07:10:45 ##Verifying files...
2015.10.22 07:10:45 ##Setting FieldType Limitations...
2015.10.22 07:10:45 ##Initializing Controls
2015.10.22 07:10:46 ##Loading user file
2015.10.22 07:10:47 ##Filling tree items...
2015.10.22 07:10:47 ##Loading default Ruleset Collection
2015.10.22 07:10:48 ##Filling Combo boxes...
2015.10.22 07:10:48 ##Setting default combobox items...
2015.10.22 07:10:48 ##Loading default Ruleset Collection..
2015.10.22 07:10:48 ##Setting versions...
2015.10.22 07:10:48 ##Showing GUI to user
2015.10.22 07:19:30 ##Ensuring only a single instance is allowed...
2016.03.17 06:52:40 ##Checking for Running Instance
2016.03.17 06:52:40 ##Enabling Visual Styles...
2016.03.17 06:52:40 ##Setting Compatible Text Rendering to false...
2016.03.17 06:52:40 ##Starting GUI...
2016.03.17 06:52:40 ##Setting Paths...
2016.03.17 06:52:40 ##Data Manager Path is: C:\Users\t3kn0gh057\AppData\Roaming\cYo\ComicRack\Scripts\Data Manager Mod\
2016.03.17 06:52:40 ##Data Manager Default Rule File is: C:\Users\t3kn0gh057\AppData\Roaming\cYo\ComicRack\Scripts\Data Manager Mod\dataman.dat
2016.03.17 06:52:40 ##User File path is: C:\Users\t3kn0gh057\AppData\Roaming\cYo\ComicRack\Scripts\Data Manager Mod\user.ini
2016.03.17 06:52:40 ##Verifying files...
2016.03.17 06:52:40 ##Setting FieldType Limitations...
2016.03.17 06:52:40 ##Initializing Controls
2016.03.17 06:52:42 ##Loading user file
2016.03.17 06:52:42 ##Filling tree items...
2016.03.17 06:52:42 ##Loading default Ruleset Collection
2016.03.17 06:52:43 ##Filling Combo boxes...
2016.03.17 06:52:43 ##Setting default combobox items...
2016.03.17 06:52:43 ##Loading default Ruleset Collection..
2016.03.17 06:52:43 ##Setting versions...
2016.03.17 06:52:43 ##Showing GUI to user
2016.03.17 07:06:41 ##Ensuring only a single instance is allowed...
2016.03.17 07:06:51 ##Checking for Running Instance
2016.03.17 07:06:51 ##Enabling Visual Styles...
2016.03.17 07:06:51 ##Setting Compatible Text Rendering to false...
2016.03.17 07:06:51 ##Starting GUI...
2016.03.17 07:06:51 ##Setting Paths...
2016.03.17 07:06:52 ##Data Manager Path is: C:\Users\t3kn0gh057\AppData\Roaming\cYo\ComicRack\Scripts\Data Manager Mod\
2016.03.17 07:06:52 ##Data Manager Default Rule File is: C:\Users\t3kn0gh057\AppData\Roaming\cYo\ComicRack\Scripts\Data Manager Mod\dataman.dat
2016.03.17 07:06:52 ##User File path is: C:\Users\t3kn0gh057\AppData\Roaming\cYo\ComicRack\Scripts\Data Manager Mod\user.ini
2016.03.17 07:06:52 ##Verifying files...
2016.03.17 07:06:52 ##Setting FieldType Limitations...
2016.03.17 07:06:52 ##Initializing Controls
2016.03.17 07:06:52 ##Loading user file
2016.03.17 07:06:52 ##Filling tree items...
2016.03.17 07:06:52 ##Loading default Ruleset Collection
2016.03.17 07:06:53 ##Filling Combo boxes...
2016.03.17 07:06:53 ##Setting default combobox items...
2016.03.17 07:06:53 ##Loading default Ruleset Collection..
2016.03.17 07:06:53 ##Setting versions...
2016.03.17 07:06:53 ##Showing GUI to user
2016.03.17 07:07:45 ##Ensuring only a single instance is allowed...
2016.03.17 07:07:50 ##Checking for Running Instance
2016.03.17 07:07:50 ##Enabling Visual Styles...
2016.03.17 07:07:50 ##Setting Compatible Text Rendering to false...
2016.03.17 07:07:50 ##Starting GUI...
2016.03.17 07:07:50 ##Setting Paths...
2016.03.17 07:07:50 ##Data Manager Path is: C:\Users\t3kn0gh057\AppData\Roaming\cYo\ComicRack\Scripts\Data Manager Mod\
2016.03.17 07:07:50 ##Data Manager Default Rule File is: C:\Users\t3kn0gh057\AppData\Roaming\cYo\ComicRack\Scripts\Data Manager Mod\dataman.dat
2016.03.17 07:07:50 ##User File path is: C:\Users\t3kn0gh057\AppData\Roaming\cYo\ComicRack\Scripts\Data Manager Mod\user.ini
2016.03.17 07:07:50 ##Verifying files...
2016.03.17 07:07:50 ##Setting FieldType Limitations...
2016.03.17 07:07:50 ##Initializing Controls
2016.03.17 07:07:51 ##Loading user file
2016.03.17 07:07:51 ##Filling tree items...
2016.03.17 07:07:51 ##Loading default Ruleset Collection
2016.03.17 07:07:52 ##Filling Combo boxes...
2016.03.17 07:07:52 ##Setting default combobox items...
2016.03.17 07:07:52 ##Loading default Ruleset Collection..
2016.03.17 07:07:52 ##Setting versions...
2016.03.17 07:07:52 ##Showing GUI to user
2016.03.17 08:55:42 ##Ensuring only a single instance is allowed...
2016.03.17 08:57:01 ##Checking for Running Instance
2016.03.17 08:57:01 ##Enabling Visual Styles...
2016.03.17 08:57:01 ##Setting Compatible Text Rendering to false...
2016.03.17 08:57:01 ##Starting GUI...
2016.03.17 08:57:01 ##Setting Paths...
2016.03.17 08:57:01 ##Data Manager Path is: C:\Users\t3kn0gh057\AppData\Roaming\cYo\ComicRack\Scripts\Data Manager Mod\
2016.03.17 08:57:01 ##Data Manager Default Rule File is: C:\Users\t3kn0gh057\AppData\Roaming\cYo\ComicRack\Scripts\Data Manager Mod\dataman.dat
2016.03.17 08:57:01 ##User File path is: C:\Users\t3kn0gh057\AppData\Roaming\cYo\ComicRack\Scripts\Data Manager Mod\user.ini
2016.03.17 08:57:01 ##Verifying files...
2016.03.17 08:57:01 ##Setting FieldType Limitations...
2016.03.17 08:57:01 ##Initializing Controls
2016.03.17 08:57:02 ##Loading user file
2016.03.17 08:57:02 ##Filling tree items...
2016.03.17 08:57:02 ##Loading default Ruleset Collection
2016.03.17 08:57:03 ##Filling Combo boxes...
2016.03.17 08:57:03 ##Setting default combobox items...
2016.03.17 08:57:03 ##Loading default Ruleset Collection..
2016.03.17 08:57:03 ##Setting versions...
2016.03.17 08:57:03 ##Showing GUI to user
2016.03.17 08:57:25 ##Ensuring only a single instance is allowed...
2016.03.17 09:04:43 ##Checking for Running Instance
2016.03.17 09:04:43 ##Enabling Visual Styles...
2016.03.17 09:04:43 ##Setting Compatible Text Rendering to false...
2016.03.17 09:04:43 ##Starting GUI...
2016.03.17 09:04:43 ##Setting Paths...
2016.03.17 09:04:43 ##Data Manager Path is: C:\Users\t3kn0gh057\AppData\Roaming\cYo\ComicRack\Scripts\Data Manager Mod\
2016.03.17 09:04:43 ##Data Manager Default Rule File is: C:\Users\t3kn0gh057\AppData\Roaming\cYo\ComicRack\Scripts\Data Manager Mod\dataman.dat
2016.03.17 09:04:43 ##User File path is: C:\Users\t3kn0gh057\AppData\Roaming\cYo\ComicRack\Scripts\Data Manager Mod\user.ini
2016.03.17 09:04:43 ##Verifying files...
2016.03.17 09:04:43 ##Setting FieldType Limitations...
2016.03.17 09:04:43 ##Initializing Controls
2016.03.17 09:04:43 ##Loading user file
2016.03.17 09:04:44 ##Filling tree items...
2016.03.17 09:04:44 ##Loading default Ruleset Collection
2016.03.17 09:04:44 ##Filling Combo boxes...
2016.03.17 09:04:44 ##Setting default combobox items...
2016.03.17 09:04:44 ##Loading default Ruleset Collection..
2016.03.17 09:04:45 ##Setting versions...
2016.03.17 09:04:45 ##Showing GUI to user
2016.03.17 09:18:41 ##Checking for Running Instance
2016.03.17 09:18:41 ##Instance Found Execution will be aborted
2016.03.17 09:18:48 ##Ensuring only a single instance is allowed...
2016.03.17 09:18:52 ##Checking for Running Instance
2016.03.17 09:18:52 ##Enabling Visual Styles...
2016.03.17 09:18:52 ##Setting Compatible Text Rendering to false...
2016.03.17 09:18:52 ##Starting GUI...
2016.03.17 09:18:52 ##Setting Paths...
2016.03.17 09:18:52 ##Data Manager Path is: C:\Users\t3kn0gh057\AppData\Roaming\cYo\ComicRack\Scripts\Data Manager Mod\
2016.03.17 09:18:52 ##Data Manager Default Rule File is: C:\Users\t3kn0gh057\AppData\Roaming\cYo\ComicRack\Scripts\Data Manager Mod\dataman.dat
2016.03.17 09:18:52 ##User File path is: C:\Users\t3kn0gh057\AppData\Roaming\cYo\ComicRack\Scripts\Data Manager Mod\user.ini
2016.03.17 09:18:52 ##Verifying files...
2016.03.17 09:18:52 ##Setting FieldType Limitations...
2016.03.17 09:18:52 ##Initializing Controls
2016.03.17 09:18:53 ##Loading user file
2016.03.17 09:18:53 ##Filling tree items...
2016.03.17 09:18:53 ##Loading default Ruleset Collection
2016.03.17 09:18:53 ##Filling Combo boxes...
2016.03.17 09:18:53 ##Setting default combobox items...
2016.03.17 09:18:53 ##Loading default Ruleset Collection..
2016.03.17 09:18:54 ##Setting versions...
2016.03.17 09:18:54 ##Showing GUI to user
2016.03.17 09:18:55 ##Ensuring only a single instance is allowed...
2016.03.17 09:22:50 ##Checking for Running Instance
2016.03.17 09:22:50 ##Enabling Visual Styles...
2016.03.17 09:22:50 ##Setting Compatible Text Rendering to false...
2016.03.17 09:22:50 ##Starting GUI...
2016.03.17 09:22:51 ##Setting Paths...
2016.03.17 09:22:51 ##Data Manager Path is: C:\Users\t3kn0gh057\AppData\Roaming\cYo\ComicRack\Scripts\Data Manager Mod\
2016.03.17 09:22:51 ##Data Manager Default Rule File is: C:\Users\t3kn0gh057\AppData\Roaming\cYo\ComicRack\Scripts\Data Manager Mod\dataman.dat
2016.03.17 09:22:51 ##User File path is: C:\Users\t3kn0gh057\AppData\Roaming\cYo\ComicRack\Scripts\Data Manager Mod\user.ini
2016.03.17 09:22:51 ##Verifying files...
2016.03.17 09:22:51 ##Setting FieldType Limitations...
2016.03.17 09:22:51 ##Initializing Controls
2016.03.17 09:22:52 ##Loading user file
2016.03.17 09:22:52 ##Filling tree items...
2016.03.17 09:22:52 ##Loading default Ruleset Collection
2016.03.17 09:22:52 ##Filling Combo boxes...
2016.03.17 09:22:52 ##Setting default combobox items...
2016.03.17 09:22:52 ##Loading default Ruleset Collection..
2016.03.17 09:22:52 ##Setting versions...
2016.03.17 09:22:52 ##Showing GUI to user
2016.03.17 09:23:03 ##Ensuring only a single instance is allowed...
2016.03.17 09:25:31 ##Checking for Running Instance
2016.03.17 09:25:31 ##Enabling Visual Styles...
2016.03.17 09:25:31 ##Setting Compatible Text Rendering to false...
2016.03.17 09:25:31 ##Starting GUI...
2016.03.17 09:25:31 ##Setting Paths...
2016.03.17 09:25:31 ##Data Manager Path is: C:\Users\t3kn0gh057\AppData\Roaming\cYo\ComicRack\Scripts\Data Manager Mod\
2016.03.17 09:25:31 ##Data Manager Default Rule File is: C:\Users\t3kn0gh057\AppData\Roaming\cYo\ComicRack\Scripts\Data Manager Mod\dataman.dat
2016.03.17 09:25:31 ##User File path is: C:\Users\t3kn0gh057\AppData\Roaming\cYo\ComicRack\Scripts\Data Manager Mod\user.ini
2016.03.17 09:25:31 ##Verifying files...
2016.03.17 09:25:31 ##Setting FieldType Limitations...
2016.03.17 09:25:31 ##Initializing Controls
2016.03.17 09:25:32 ##Loading user file
2016.03.17 09:25:32 ##Filling tree items...
2016.03.17 09:25:32 ##Loading default Ruleset Collection
2016.03.17 09:25:33 ##Filling Combo boxes...
2016.03.17 09:25:33 ##Setting default combobox items...
2016.03.17 09:25:33 ##Loading default Ruleset Collection..
2016.03.17 09:25:33 ##Setting versions...
2016.03.17 09:25:33 ##Showing GUI to user
2016.03.17 09:25:41 ##Ensuring only a single instance is allowed...
2016.03.18 05:57:31 ##Checking for Running Instance
2016.03.18 05:57:31 ##Enabling Visual Styles...
2016.03.18 05:57:31 ##Setting Compatible Text Rendering to false...
2016.03.18 05:57:31 ##Starting GUI...
2016.03.18 05:57:32 ##Setting Paths...
2016.03.18 05:57:32 ##Data Manager Path is: C:\Users\t3kn0gh057\AppData\Roaming\cYo\ComicRack\Scripts\Data Manager Mod\
2016.03.18 05:57:32 ##Data Manager Default Rule File is: C:\Users\t3kn0gh057\AppData\Roaming\cYo\ComicRack\Scripts\Data Manager Mod\dataman.dat
2016.03.18 05:57:32 ##User File path is: C:\Users\t3kn0gh057\AppData\Roaming\cYo\ComicRack\Scripts\Data Manager Mod\user.ini
2016.03.18 05:57:32 ##Verifying files...
2016.03.18 05:57:32 ##Setting FieldType Limitations...
2016.03.18 05:57:32 ##Initializing Controls
2016.03.18 05:57:35 ##Loading user file
2016.03.18 05:57:35 ##Filling tree items...
2016.03.18 05:57:35 ##Loading default Ruleset Collection
2016.03.18 05:57:37 ##Filling Combo boxes...
2016.03.18 05:57:37 ##Setting default combobox items...
2016.03.18 05:57:38 ##Loading default Ruleset Collection..
2016.03.18 05:57:38 ##Setting versions...
2016.03.18 05:57:38 ##Showing GUI to user
2016.03.18 06:29:44 ##Ensuring only a single instance is allowed...
2016.03.18 05:15:29 ##Checking for Running Instance
2016.03.18 05:15:29 ##Enabling Visual Styles...
2016.03.18 05:15:29 ##Setting Compatible Text Rendering to false...
2016.03.18 05:15:29 ##Starting GUI...
2016.03.18 05:15:29 ##Setting Paths...
2016.03.18 05:15:29 ##Data Manager Path is: C:\Users\t3kn0gh057\AppData\Roaming\cYo\ComicRack\Scripts\Data Manager Mod\
2016.03.18 05:15:30 ##Data Manager Default Rule File is: C:\Users\t3kn0gh057\AppData\Roaming\cYo\ComicRack\Scripts\Data Manager Mod\dataman.dat
2016.03.18 05:15:30 ##User File path is: C:\Users\t3kn0gh057\AppData\Roaming\cYo\ComicRack\Scripts\Data Manager Mod\user.ini
2016.03.18 05:15:30 ##Verifying files...
2016.03.18 05:15:30 ##Setting FieldType Limitations...
2016.03.18 05:15:30 ##Initializing Controls
2016.03.18 05:15:30 ##Loading user file
2016.03.18 05:15:30 ##Filling tree items...
2016.03.18 05:15:30 ##Loading default Ruleset Collection
2016.03.18 05:15:31 ##Filling Combo boxes...
2016.03.18 05:15:31 ##Setting default combobox items...
2016.03.18 05:15:31 ##Loading default Ruleset Collection..
2016.03.18 05:15:31 ##Setting versions...
2016.03.18 05:15:31 ##Showing GUI to user
2016.03.18 05:58:44 ##Ensuring only a single instance is allowed...
2016.03.19 10:22:20 ##Checking for Running Instance
2016.03.19 10:22:20 ##Enabling Visual Styles...
2016.03.19 10:22:20 ##Setting Compatible Text Rendering to false...
2016.03.19 10:22:20 ##Starting GUI...
2016.03.19 10:22:20 ##Setting Paths...
2016.03.19 10:22:20 ##Data Manager Path is: C:\Users\t3kn0gh057\AppData\Roaming\cYo\ComicRack\Scripts\Data Manager Mod\
2016.03.19 10:22:20 ##Data Manager Default Rule File is: C:\Users\t3kn0gh057\AppData\Roaming\cYo\ComicRack\Scripts\Data Manager Mod\dataman.dat
2016.03.19 10:22:20 ##User File path is: C:\Users\t3kn0gh057\AppData\Roaming\cYo\ComicRack\Scripts\Data Manager Mod\user.ini
2016.03.19 10:22:21 ##Verifying files...
2016.03.19 10:22:21 ##Setting FieldType Limitations...
2016.03.19 10:22:21 ##Initializing Controls
2016.03.19 10:22:21 ##Loading user file
2016.03.19 10:22:21 ##Filling tree items...
2016.03.19 10:22:21 ##Loading default Ruleset Collection
2016.03.19 10:22:22 ##Filling Combo boxes...
2016.03.19 10:22:22 ##Setting default combobox items...
2016.03.19 10:22:22 ##Loading default Ruleset Collection..
2016.03.19 10:22:22 ##Setting versions...
2016.03.19 10:22:22 ##Showing GUI to user
2016.03.19 10:52:35 ##Ensuring only a single instance is allowed...
2016.03.20 12:01:11 ##Checking for Running Instance
2016.03.20 12:01:11 ##Enabling Visual Styles...
2016.03.20 12:01:11 ##Setting Compatible Text Rendering to false...
2016.03.20 12:01:11 ##Starting GUI...
2016.03.20 12:01:11 ##Setting Paths...
2016.03.20 12:01:11 ##Data Manager Path is: C:\Users\t3kn0gh057\AppData\Roaming\cYo\ComicRack\Scripts\Data Manager Mod\
2016.03.20 12:01:11 ##Data Manager Default Rule File is: C:\Users\t3kn0gh057\AppData\Roaming\cYo\ComicRack\Scripts\Data Manager Mod\dataman.dat
2016.03.20 12:01:11 ##User File path is: C:\Users\t3kn0gh057\AppData\Roaming\cYo\ComicRack\Scripts\Data Manager Mod\user.ini
2016.03.20 12:01:11 ##Verifying files...
2016.03.20 12:01:11 ##Setting FieldType Limitations...
2016.03.20 12:01:11 ##Initializing Controls
2016.03.20 12:01:12 ##Loading user file
2016.03.20 12:01:12 ##Filling tree items...
2016.03.20 12:01:12 ##Loading default Ruleset Collection
2016.03.20 12:01:12 ##Filling Combo boxes...
2016.03.20 12:01:12 ##Setting default combobox items...
2016.03.20 12:01:12 ##Loading default Ruleset Collection..
2016.03.20 12:01:12 ##Setting versions...
2016.03.20 12:01:13 ##Showing GUI to user
2016.03.20 06:37:21 ##Ensuring only a single instance is allowed...
2016.03.20 06:50:32 ##Checking for Running Instance
2016.03.20 06:50:32 ##Enabling Visual Styles...
2016.03.20 06:50:32 ##Setting Compatible Text Rendering to false...
2016.03.20 06:50:32 ##Starting GUI...
2016.03.20 06:50:32 ##Setting Paths...
2016.03.20 06:50:32 ##Data Manager Path is: C:\Users\t3kn0gh057\AppData\Roaming\cYo\ComicRack\Scripts\Data Manager Mod\
2016.03.20 06:50:32 ##Data Manager Default Rule File is: C:\Users\t3kn0gh057\AppData\Roaming\cYo\ComicRack\Scripts\Data Manager Mod\dataman.dat
2016.03.20 06:50:32 ##User File path is: C:\Users\t3kn0gh057\AppData\Roaming\cYo\ComicRack\Scripts\Data Manager Mod\user.ini
2016.03.20 06:50:32 ##Verifying files...
2016.03.20 06:50:32 ##Setting FieldType Limitations...
2016.03.20 06:50:32 ##Initializing Controls
2016.03.20 06:50:33 ##Loading user file
2016.03.20 06:50:33 ##Filling tree items...
2016.03.20 06:50:33 ##Loading default Ruleset Collection
2016.03.20 06:50:33 ##Filling Combo boxes...
2016.03.20 06:50:33 ##Setting default combobox items...
2016.03.20 06:50:33 ##Loading default Ruleset Collection..
2016.03.20 06:50:34 ##Setting versions...
2016.03.20 06:50:34 ##Showing GUI to user
2016.03.20 09:16:36 ##Ensuring only a single instance is allowed...
2016.08.17 07:25:12 ##Checking for Running Instance
2016.08.17 07:25:12 ##Enabling Visual Styles...
2016.08.17 07:25:12 ##Setting Compatible Text Rendering to false...
2016.08.17 07:25:12 ##Starting GUI...
2016.08.17 07:25:13 ##Setting Paths...
2016.08.17 07:25:13 ##Data Manager Path is: C:\Users\t3kn0gh057\AppData\Roaming\cYo\ComicRack\Scripts\Data Manager Mod\
2016.08.17 07:25:13 ##Data Manager Default Rule File is: C:\Users\t3kn0gh057\AppData\Roaming\cYo\ComicRack\Scripts\Data Manager Mod\dataman.dat
2016.08.17 07:25:13 ##User File path is: C:\Users\t3kn0gh057\AppData\Roaming\cYo\ComicRack\Scripts\Data Manager Mod\user.ini
2016.08.17 07:25:13 ##Verifying files...
2016.08.17 07:25:13 ##Setting FieldType Limitations...
2016.08.17 07:25:13 ##Initializing Controls
2016.08.17 07:25:14 ##Loading user file
2016.08.17 07:25:14 ##Filling tree items...
2016.08.17 07:25:14 ##Loading default Ruleset Collection
2016.08.17 07:25:15 ##Filling Combo boxes...
2016.08.17 07:25:15 ##Setting default combobox items...
2016.08.17 07:25:15 ##Loading default Ruleset Collection..
2016.08.17 07:25:15 ##Setting versions...
2016.08.17 07:25:15 ##Showing GUI to user
2016.08.17 07:25:54 ##Ensuring only a single instance is allowed...
2016.08.17 07:30:28 ##Checking for Running Instance
2016.08.17 07:30:28 ##Enabling Visual Styles...
2016.08.17 07:30:28 ##Setting Compatible Text Rendering to false...
2016.08.17 07:30:28 ##Starting GUI...
2016.08.17 07:30:28 ##Setting Paths...
2016.08.17 07:30:28 ##Data Manager Path is: C:\Users\t3kn0gh057\AppData\Roaming\cYo\ComicRack\Scripts\Data Manager Mod\
2016.08.17 07:30:28 ##Data Manager Default Rule File is: C:\Users\t3kn0gh057\AppData\Roaming\cYo\ComicRack\Scripts\Data Manager Mod\dataman.dat
2016.08.17 07:30:28 ##User File path is: C:\Users\t3kn0gh057\AppData\Roaming\cYo\ComicRack\Scripts\Data Manager Mod\user.ini
2016.08.17 07:30:28 ##Verifying files...
2016.08.17 07:30:28 ##Setting FieldType Limitations...
2016.08.17 07:30:28 ##Initializing Controls
2016.08.17 07:30:29 ##Loading user file
2016.08.17 07:30:29 ##Filling tree items...
2016.08.17 07:30:29 ##Loading default Ruleset Collection
2016.08.17 07:30:29 ##Filling Combo boxes...
2016.08.17 07:30:29 ##Setting default combobox items...
2016.08.17 07:30:29 ##Loading default Ruleset Collection..
2016.08.17 07:30:29 ##Setting versions...
2016.08.17 07:30:29 ##Showing GUI to user
2016.08.17 07:30:51 ##Ensuring only a single instance is allowed...
